* Two sets of back to back moves:
Move 1. B on 1x2:
. . . .
. B W .
B B B .
. . . .
Move 2. W on 1x3:
. . . .
W W W .
B B B .
. . . .
Move 3. B on 1x4:
B . . .
B B W .
B B B .
. . . .
Move 4. W on 3x1:
B . . .
B B W .
B B W .
. . W .
Move 5. B on 4x1:
B . . .
B B W .
B B B .
. . W B
Move 6. W on 1x1:
B . . .
B B W .
B W B .
W . W B
Move 7. B on 2x1:
There are no moves for white. B to play again
B . . .
B B W .
B B B .
W B B B
Move 8. B on 4x3:
B . . .
B B B B
B B B .
W B B B
Move 9. W on 4x4:
B . . W
B B W B
B W B .
W B B B
Move 10. B on 3x4:
B . B W
B B B B
B W B .
W B B B
Move 11. W on 4x2:
There are no moves for black. W to play again
B . B W
B B B W
B W W W
W B B B
Move 12. W on 2x4:
B W W W
B W W W
B W W W
W B B B
Unable to format: expected class or object definition

* Özdevinim. Siyah 16 taşla kazanır
Oyun: 1. Sıra siyahın
3 seçenek var.
. B . .
. B B .
S S S .
. . . .
Oyun: 2. Sıra beyazın
4 seçenek var.
. B . .
. B B .
S S B .
. . B .
Oyun: 3. Sıra siyahın
3 seçenek var.
. B S .
. S B .
S S B .
. . B .
Oyun: 4. Sıra beyazın
5 seçenek var.
. B S .
B B B .
S B B .
. . B .
Oyun: 5. Sıra siyahın
2 seçenek var.
S S S .
S B B .
S B B .
. . B .
Oyun: 6. Sıra beyazın
Yasal hamle yok. Sıra yine siyahın
4 seçenek var.
S S S .
S B S .
S S S S
. . B .
Oyun: 7. Sıra beyazın
3 seçenek var.
S S S .
S B S .
S B S S
. B B .
Oyun: 8. Sıra siyahın
1 seçenek var.
S S S .
S B S .
S S S S
S B B .
Oyun: 9. Sıra beyazın
2 seçenek var.
S S S .
S B B B
S S B S
S B B .
Oyun: 10. Sıra siyahın
2 seçenek var.
S S S .
S S B B
S S S S
S S S S
Oyun: 11. Sıra beyazın
Yasal hamle yok. Sıra yine siyahın
1 seçenek var.
S S S S
S S S S
S S S S
S S S S
Oyun: 12. Sıra beyazın
Oyun bitti.
beyazlar: 0
siyahlar: 16
12 dallanma oldu. Dal sayıları: 4,3,4,3,5,2,4,3,1,2,2,1
Ortalama dal sayısı: 2.8
En iri dal sayısı: 5
Özdevinimli oyun 0.007 saniye sürdü
